#! /c/iverilog/bin/vvp
:ivl_version "0.9.4 " "(v0_9_4)";
:vpi_time_precision + 0;
:vpi_module "system";
:vpi_module "v2005_math";
:vpi_module "va_math";
S_00929F28 .scope module, "decade_counter" "decade_counter" 2 1;
 .timescale 0 0;
L_0030E310 .functor AND 1, C4<z>, L_0030D0B8, C4<1>, C4<1>;
v00924AA0_0 .var "Q0", 0 0;
v00922AF8_0 .var "Q1", 0 0;
v00922B50_0 .var "Q2", 0 0;
v00922BA8_0 .var "Q3", 0 0;
v00922C00_0 .var "Q4", 0 0;
v0092C950_0 .var "Q5", 0 0;
v0092C9A8_0 .var "Q6", 0 0;
v0092CA00_0 .var "Q7", 0 0;
v0092CA58_0 .var "Q8", 0 0;
v0092CAB0_0 .var "Q9", 0 0;
v0092CB08_0 .net *"_s2", 0 0, L_0030D0B8; 1 drivers
v0092CB60_0 .net *"_s3", 0 0, L_0030E310; 1 drivers
v0092CBB8_0 .net "clk", 0 0, C4<z>; 0 drivers
v0092CC10_0 .var "counter", 3 0;
v0092CC68_0 .net "enable", 0 0, C4<z>; 0 drivers
v0030D060_0 .net "reset", 0 0, C4<z>; 0 drivers
E_002EDDD8 .event posedge, L_0030E310;
L_0030D0B8 .reduce/nor C4<z>;
    .scope S_00929F28;
T_0 ;
    %set/v v00924AA0_0, 1, 1;
    %end;
    .thread T_0;
    .scope S_00929F28;
T_1 ;
    %set/v v00922AF8_0, 0, 1;
    %end;
    .thread T_1;
    .scope S_00929F28;
T_2 ;
    %set/v v00922B50_0, 0, 1;
    %end;
    .thread T_2;
    .scope S_00929F28;
T_3 ;
    %set/v v00922BA8_0, 0, 1;
    %end;
    .thread T_3;
    .scope S_00929F28;
T_4 ;
    %set/v v00922C00_0, 0, 1;
    %end;
    .thread T_4;
    .scope S_00929F28;
T_5 ;
    %set/v v0092C950_0, 0, 1;
    %end;
    .thread T_5;
    .scope S_00929F28;
T_6 ;
    %set/v v0092C9A8_0, 0, 1;
    %end;
    .thread T_6;
    .scope S_00929F28;
T_7 ;
    %set/v v0092CA00_0, 0, 1;
    %end;
    .thread T_7;
    .scope S_00929F28;
T_8 ;
    %set/v v0092CA58_0, 0, 1;
    %end;
    .thread T_8;
    .scope S_00929F28;
T_9 ;
    %set/v v0092CAB0_0, 0, 1;
    %end;
    .thread T_9;
    .scope S_00929F28;
T_10 ;
    %set/v v0092CC10_0, 0, 4;
    %end;
    .thread T_10;
    .scope S_00929F28;
T_11 ;
    %wait E_002EDDD8;
    %load/v 8, v0030D060_0, 1;
    %jmp/0xz  T_11.0, 8;
    %set/v v00924AA0_0, 0, 1;
    %set/v v00922AF8_0, 0, 1;
    %set/v v00922B50_0, 0, 1;
    %set/v v00922BA8_0, 0, 1;
    %set/v v00922C00_0, 0, 1;
    %set/v v0092C950_0, 0, 1;
    %set/v v0092C9A8_0, 0, 1;
    %set/v v0092CA00_0, 0, 1;
    %set/v v0092CA58_0, 0, 1;
    %set/v v0092CAB0_0, 0, 1;
    %set/v v0092CC10_0, 0, 4;
T_11.0 ;
    %load/v 8, v0092CC10_0, 4;
    %mov 12, 0, 1;
    %cmpi/u 8, 1, 5;
    %jmp/0xz  T_11.2, 4;
    %set/v v00924AA0_0, 0, 1;
    %set/v v00922AF8_0, 1, 1;
T_11.2 ;
    %load/v 8, v0092CC10_0, 4;
    %mov 12, 0, 1;
    %cmpi/u 8, 2, 5;
    %jmp/0xz  T_11.4, 4;
    %set/v v00922AF8_0, 0, 1;
    %set/v v00922B50_0, 1, 1;
T_11.4 ;
    %load/v 8, v0092CC10_0, 4;
    %mov 12, 0, 1;
    %cmpi/u 8, 3, 5;
    %jmp/0xz  T_11.6, 4;
    %set/v v00922B50_0, 0, 1;
    %set/v v00922BA8_0, 1, 1;
T_11.6 ;
    %load/v 8, v0092CC10_0, 4;
    %mov 12, 0, 1;
    %cmpi/u 8, 4, 5;
    %jmp/0xz  T_11.8, 4;
    %set/v v00922BA8_0, 0, 1;
    %set/v v00922C00_0, 1, 1;
T_11.8 ;
    %load/v 8, v0092CC10_0, 4;
    %mov 12, 0, 1;
    %cmpi/u 8, 5, 5;
    %jmp/0xz  T_11.10, 4;
    %set/v v00922C00_0, 0, 1;
    %set/v v0092C950_0, 1, 1;
T_11.10 ;
    %load/v 8, v0092CC10_0, 4;
    %mov 12, 0, 1;
    %cmpi/u 8, 6, 5;
    %jmp/0xz  T_11.12, 4;
    %set/v v0092C950_0, 0, 1;
    %set/v v0092C9A8_0, 1, 1;
T_11.12 ;
    %load/v 8, v0092CC10_0, 4;
    %mov 12, 0, 1;
    %cmpi/u 8, 7, 5;
    %jmp/0xz  T_11.14, 4;
    %set/v v0092C9A8_0, 0, 1;
    %set/v v0092CA00_0, 1, 1;
T_11.14 ;
    %load/v 8, v0092CC10_0, 4;
    %mov 12, 0, 2;
    %cmpi/u 8, 8, 6;
    %jmp/0xz  T_11.16, 4;
    %set/v v0092CA00_0, 0, 1;
    %set/v v0092CA58_0, 1, 1;
T_11.16 ;
    %load/v 8, v0092CC10_0, 4;
    %mov 12, 0, 2;
    %cmpi/u 8, 9, 6;
    %jmp/0xz  T_11.18, 4;
    %set/v v0092CA58_0, 0, 1;
    %set/v v0092CAB0_0, 1, 1;
T_11.18 ;
    %load/v 8, v0092CC10_0, 4;
    %mov 12, 0, 1;
    %cmpi/u 8, 0, 5;
    %jmp/0xz  T_11.20, 4;
    %set/v v0092CAB0_0, 0, 1;
    %set/v v00924AA0_0, 1, 1;
T_11.20 ;
    %load/v 8, v0092CC10_0, 4;
    %mov 12, 0, 2;
    %cmpi/u 8, 10, 6;
    %jmp/0xz  T_11.22, 4;
    %set/v v0092CC10_0, 0, 4;
T_11.22 ;
    %load/v 8, v0092CC10_0, 4;
    %mov 12, 0, 28;
    %addi 8, 1, 32;
    %set/v v0092CC10_0, 8, 4;
    %jmp T_11;
    .thread T_11;
# The file index is used to find the file name in the following table.
:file_names 3;
    "N/A";
    "<interactive>";
    "decade.v";
