Analysis & Synthesis report for AlarmClock
Thu Mar 21 14:17:23 2013
Quartus II 64-Bit Version 12.1 Build 177 11/07/2012 SJ Web Edition


---------------------
; Table of Contents ;
---------------------
  1. Legal Notice
  2. Analysis & Synthesis Summary
  3. Analysis & Synthesis Settings
  4. Parallel Compilation
  5. Analysis & Synthesis Source Files Read
  6. Analysis & Synthesis Resource Usage Summary
  7. Analysis & Synthesis Resource Utilization by Entity
  8. Registers Removed During Synthesis
  9. General Register Statistics
 10. Multiplexer Restructuring Statistics (Restructuring Performed)
 11. Parameter Settings for User Entity Instance: Top-level Entity: |AlarmClock
 12. Parameter Settings for User Entity Instance: Blinker:Blinker_DispA
 13. Parameter Settings for User Entity Instance: Blinker:Blinker_DispB
 14. Port Connectivity Checks: "UnitDisplay:UnitDisplay_A|binary_to_BCD:binary_to_BCD|add3:m6"
 15. Port Connectivity Checks: "UnitDisplay:UnitDisplay_A|binary_to_BCD:binary_to_BCD|add3:m1"
 16. Port Connectivity Checks: "UnitDisplay:UnitDisplay_A|binary_to_BCD:binary_to_BCD"
 17. Elapsed Time Per Partition
 18. Analysis & Synthesis Messages
 19. Analysis & Synthesis Suppressed Messages



----------------
; Legal Notice ;
----------------
Copyright (C) 1991-2012 Altera Corporation
Your use of Altera Corporation's design tools, logic functions 
and other software and tools, and its AMPP partner logic 
functions, and any output files from any of the foregoing 
(including device programming or simulation files), and any 
associated documentation or information are expressly subject 
to the terms and conditions of the Altera Program License 
Subscription Agreement, Altera MegaCore Function License 
Agreement, or other applicable license agreement, including, 
without limitation, that your use is for the sole purpose of 
programming logic devices manufactured by Altera and sold by 
Altera or its authorized distributors.  Please refer to the 
applicable agreement for further details.



+-------------------------------------------------------------------------------+
; Analysis & Synthesis Summary                                                  ;
+------------------------------------+------------------------------------------+
; Analysis & Synthesis Status        ; Successful - Thu Mar 21 14:17:23 2013    ;
; Quartus II 64-Bit Version          ; 12.1 Build 177 11/07/2012 SJ Web Edition ;
; Revision Name                      ; AlarmClock                               ;
; Top-level Entity Name              ; AlarmClock                               ;
; Family                             ; Cyclone II                               ;
; Total logic elements               ; 1,175                                    ;
;     Total combinational functions  ; 1,169                                    ;
;     Dedicated logic registers      ; 444                                      ;
; Total registers                    ; 444                                      ;
; Total pins                         ; 38                                       ;
; Total virtual pins                 ; 0                                        ;
; Total memory bits                  ; 0                                        ;
; Embedded Multiplier 9-bit elements ; 0                                        ;
; Total PLLs                         ; 0                                        ;
+------------------------------------+------------------------------------------+


+----------------------------------------------------------------------------------------------------------------------+
; Analysis & Synthesis Settings                                                                                        ;
+----------------------------------------------------------------------------+--------------------+--------------------+
; Option                                                                     ; Setting            ; Default Value      ;
+----------------------------------------------------------------------------+--------------------+--------------------+
; Device                                                                     ; EP2C20F484C7       ;                    ;
; Top-level entity name                                                      ; AlarmClock         ; AlarmClock         ;
; Family name                                                                ; Cyclone II         ; Cyclone IV GX      ;
; Use smart compilation                                                      ; Off                ; Off                ;
; Enable parallel Assembler and TimeQuest Timing Analyzer during compilation ; On                 ; On                 ;
; Enable compact report table                                                ; Off                ; Off                ;
; Restructure Multiplexers                                                   ; Auto               ; Auto               ;
; Create Debugging Nodes for IP Cores                                        ; Off                ; Off                ;
; Preserve fewer node names                                                  ; On                 ; On                 ;
; Disable OpenCore Plus hardware evaluation                                  ; Off                ; Off                ;
; Verilog Version                                                            ; Verilog_2001       ; Verilog_2001       ;
; VHDL Version                                                               ; VHDL_1993          ; VHDL_1993          ;
; State Machine Processing                                                   ; Auto               ; Auto               ;
; Safe State Machine                                                         ; Off                ; Off                ;
; Extract Verilog State Machines                                             ; On                 ; On                 ;
; Extract VHDL State Machines                                                ; On                 ; On                 ;
; Ignore Verilog initial constructs                                          ; Off                ; Off                ;
; Iteration limit for constant Verilog loops                                 ; 5000               ; 5000               ;
; Iteration limit for non-constant Verilog loops                             ; 250                ; 250                ;
; Add Pass-Through Logic to Inferred RAMs                                    ; On                 ; On                 ;
; Infer RAMs from Raw Logic                                                  ; On                 ; On                 ;
; Parallel Synthesis                                                         ; On                 ; On                 ;
; DSP Block Balancing                                                        ; Auto               ; Auto               ;
; NOT Gate Push-Back                                                         ; On                 ; On                 ;
; Power-Up Don't Care                                                        ; On                 ; On                 ;
; Remove Redundant Logic Cells                                               ; Off                ; Off                ;
; Remove Duplicate Registers                                                 ; On                 ; On                 ;
; Ignore CARRY Buffers                                                       ; Off                ; Off                ;
; Ignore CASCADE Buffers                                                     ; Off                ; Off                ;
; Ignore GLOBAL Buffers                                                      ; Off                ; Off                ;
; Ignore ROW GLOBAL Buffers                                                  ; Off                ; Off                ;
; Ignore LCELL Buffers                                                       ; Off                ; Off                ;
; Ignore SOFT Buffers                                                        ; On                 ; On                 ;
; Limit AHDL Integers to 32 Bits                                             ; Off                ; Off                ;
; Optimization Technique                                                     ; Balanced           ; Balanced           ;
; Carry Chain Length                                                         ; 70                 ; 70                 ;
; Auto Carry Chains                                                          ; On                 ; On                 ;
; Auto Open-Drain Pins                                                       ; On                 ; On                 ;
; Perform WYSIWYG Primitive Resynthesis                                      ; Off                ; Off                ;
; Auto ROM Replacement                                                       ; On                 ; On                 ;
; Auto RAM Replacement                                                       ; On                 ; On                 ;
; Auto Shift Register Replacement                                            ; Auto               ; Auto               ;
; Allow Shift Register Merging across Hierarchies                            ; Auto               ; Auto               ;
; Auto Clock Enable Replacement                                              ; On                 ; On                 ;
; Strict RAM Replacement                                                     ; Off                ; Off                ;
; Allow Synchronous Control Signals                                          ; On                 ; On                 ;
; Force Use of Synchronous Clear Signals                                     ; Off                ; Off                ;
; Auto RAM to Logic Cell Conversion                                          ; Off                ; Off                ;
; Auto Resource Sharing                                                      ; Off                ; Off                ;
; Allow Any RAM Size For Recognition                                         ; Off                ; Off                ;
; Allow Any ROM Size For Recognition                                         ; Off                ; Off                ;
; Allow Any Shift Register Size For Recognition                              ; Off                ; Off                ;
; Use LogicLock Constraints during Resource Balancing                        ; On                 ; On                 ;
; Ignore translate_off and synthesis_off directives                          ; Off                ; Off                ;
; Timing-Driven Synthesis                                                    ; Off                ; Off                ;
; Report Parameter Settings                                                  ; On                 ; On                 ;
; Report Source Assignments                                                  ; On                 ; On                 ;
; Report Connectivity Checks                                                 ; On                 ; On                 ;
; Ignore Maximum Fan-Out Assignments                                         ; Off                ; Off                ;
; Synchronization Register Chain Length                                      ; 2                  ; 2                  ;
; PowerPlay Power Optimization                                               ; Normal compilation ; Normal compilation ;
; HDL message level                                                          ; Level2             ; Level2             ;
; Suppress Register Optimization Related Messages                            ; Off                ; Off                ;
; Number of Removed Registers Reported in Synthesis Report                   ; 5000               ; 5000               ;
; Number of Swept Nodes Reported in Synthesis Report                         ; 5000               ; 5000               ;
; Number of Inverted Registers Reported in Synthesis Report                  ; 100                ; 100                ;
; Clock MUX Protection                                                       ; On                 ; On                 ;
; Auto Gated Clock Conversion                                                ; Off                ; Off                ;
; Block Design Naming                                                        ; Auto               ; Auto               ;
; SDC constraint protection                                                  ; Off                ; Off                ;
; Synthesis Effort                                                           ; Auto               ; Auto               ;
; Shift Register Replacement - Allow Asynchronous Clear Signal               ; On                 ; On                 ;
; Pre-Mapping Resynthesis Optimization                                       ; Off                ; Off                ;
; Analysis & Synthesis Message Level                                         ; Medium             ; Medium             ;
; Disable Register Merging Across Hierarchies                                ; Auto               ; Auto               ;
; Resource Aware Inference For Block RAM                                     ; On                 ; On                 ;
; Synthesis Seed                                                             ; 1                  ; 1                  ;
+----------------------------------------------------------------------------+--------------------+--------------------+


+------------------------------------------+
; Parallel Compilation                     ;
+----------------------------+-------------+
; Processors                 ; Number      ;
+----------------------------+-------------+
; Number detected on machine ; 4           ;
; Maximum allowed            ; 2           ;
;                            ;             ;
; Average used               ; 1.00        ;
; Maximum used               ; 1           ;
;                            ;             ;
; Usage by Processor         ; % Time Used ;
;     1 processor            ; 100.0%      ;
;     2-4 processors         ;   0.0%      ;
+----------------------------+-------------+


+-------------------------------------------------------------------------------------------------------------------------------------------------------------+
; Analysis & Synthesis Source Files Read                                                                                                                      ;
+----------------------------------+-----------------+------------------------+---------------------------------------------------------------------+---------+
; File Name with User-Entered Path ; Used in Netlist ; File Type              ; File Name with Absolute Path                                        ; Library ;
+----------------------------------+-----------------+------------------------+---------------------------------------------------------------------+---------+
; seg7.v                           ; yes             ; User Verilog HDL File  ; C:/Users/Bangonkali/Downloads/ALARMCLOCK/ALARMCLOCK/seg7.v          ;         ;
; binary_to_BCD.v                  ; yes             ; User Verilog HDL File  ; C:/Users/Bangonkali/Downloads/ALARMCLOCK/ALARMCLOCK/binary_to_BCD.v ;         ;
; add3.v                           ; yes             ; User Verilog HDL File  ; C:/Users/Bangonkali/Downloads/ALARMCLOCK/ALARMCLOCK/add3.v          ;         ;
; AlarmClock.v                     ; yes             ; User Verilog HDL File  ; C:/Users/Bangonkali/Downloads/ALARMCLOCK/ALARMCLOCK/AlarmClock.v    ;         ;
; UnitDisplay.v                    ; yes             ; User Verilog HDL File  ; C:/Users/Bangonkali/Downloads/ALARMCLOCK/ALARMCLOCK/UnitDisplay.v   ;         ;
; Blinker.v                        ; yes             ; User Verilog HDL File  ; C:/Users/Bangonkali/Downloads/ALARMCLOCK/ALARMCLOCK/Blinker.v       ;         ;
+----------------------------------+-----------------+------------------------+---------------------------------------------------------------------+---------+


+-----------------------------------------------------+
; Analysis & Synthesis Resource Usage Summary         ;
+---------------------------------------------+-------+
; Resource                                    ; Usage ;
+---------------------------------------------+-------+
; Estimated Total logic elements              ; 1,175 ;
;                                             ;       ;
; Total combinational functions               ; 1169  ;
; Logic element usage by number of LUT inputs ;       ;
;     -- 4 input functions                    ; 447   ;
;     -- 3 input functions                    ; 255   ;
;     -- <=2 input functions                  ; 467   ;
;                                             ;       ;
; Logic elements by mode                      ;       ;
;     -- normal mode                          ; 704   ;
;     -- arithmetic mode                      ; 465   ;
;                                             ;       ;
; Total registers                             ; 444   ;
;     -- Dedicated logic registers            ; 444   ;
;     -- I/O registers                        ; 0     ;
;                                             ;       ;
; I/O pins                                    ; 38    ;
; Embedded Multiplier 9-bit elements          ; 0     ;
; Maximum fan-out                             ; 444   ;
; Total fan-out                               ; 5035  ;
; Average fan-out                             ; 3.05  ;
+---------------------------------------------+-------+


+--------------------------------------------------------------------------------------------------------------------------------------------------------------------------------------------------------------------------------------------+
; Analysis & Synthesis Resource Utilization by Entity                                                                                                                                                                                        ;
+-------------------------------------+-------------------+--------------+-------------+--------------+---------+-----------+------+--------------+---------------------------------------------------------------------------+--------------+
; Compilation Hierarchy Node          ; LC Combinationals ; LC Registers ; Memory Bits ; DSP Elements ; DSP 9x9 ; DSP 18x18 ; Pins ; Virtual Pins ; Full Hierarchy Name                                                       ; Library Name ;
+-------------------------------------+-------------------+--------------+-------------+--------------+---------+-----------+------+--------------+---------------------------------------------------------------------------+--------------+
; |AlarmClock                         ; 1169 (911)        ; 444 (286)    ; 0           ; 0            ; 0       ; 0         ; 38   ; 0            ; |AlarmClock                                                               ;              ;
;    |Blinker:Blinker_DispA|          ; 92 (92)           ; 65 (65)      ; 0           ; 0            ; 0       ; 0         ; 0    ; 0            ; |AlarmClock|Blinker:Blinker_DispA                                         ;              ;
;    |Blinker:Blinker_DispB|          ; 92 (92)           ; 65 (65)      ; 0           ; 0            ; 0       ; 0         ; 0    ; 0            ; |AlarmClock|Blinker:Blinker_DispB                                         ;              ;
;    |UnitDisplay:UnitDisplay_A|      ; 37 (0)            ; 14 (14)      ; 0           ; 0            ; 0       ; 0         ; 0    ; 0            ; |AlarmClock|UnitDisplay:UnitDisplay_A                                     ;              ;
;       |binary_to_BCD:binary_to_BCD| ; 23 (0)            ; 0 (0)        ; 0           ; 0            ; 0       ; 0         ; 0    ; 0            ; |AlarmClock|UnitDisplay:UnitDisplay_A|binary_to_BCD:binary_to_BCD         ;              ;
;          |add3:m1|                  ; 1 (1)             ; 0 (0)        ; 0           ; 0            ; 0       ; 0         ; 0    ; 0            ; |AlarmClock|UnitDisplay:UnitDisplay_A|binary_to_BCD:binary_to_BCD|add3:m1 ;              ;
;          |add3:m2|                  ; 4 (4)             ; 0 (0)        ; 0           ; 0            ; 0       ; 0         ; 0    ; 0            ; |AlarmClock|UnitDisplay:UnitDisplay_A|binary_to_BCD:binary_to_BCD|add3:m2 ;              ;
;          |add3:m3|                  ; 4 (4)             ; 0 (0)        ; 0           ; 0            ; 0       ; 0         ; 0    ; 0            ; |AlarmClock|UnitDisplay:UnitDisplay_A|binary_to_BCD:binary_to_BCD|add3:m3 ;              ;
;          |add3:m4|                  ; 4 (4)             ; 0 (0)        ; 0           ; 0            ; 0       ; 0         ; 0    ; 0            ; |AlarmClock|UnitDisplay:UnitDisplay_A|binary_to_BCD:binary_to_BCD|add3:m4 ;              ;
;          |add3:m5|                  ; 4 (4)             ; 0 (0)        ; 0           ; 0            ; 0       ; 0         ; 0    ; 0            ; |AlarmClock|UnitDisplay:UnitDisplay_A|binary_to_BCD:binary_to_BCD|add3:m5 ;              ;
;          |add3:m7|                  ; 6 (6)             ; 0 (0)        ; 0           ; 0            ; 0       ; 0         ; 0    ; 0            ; |AlarmClock|UnitDisplay:UnitDisplay_A|binary_to_BCD:binary_to_BCD|add3:m7 ;              ;
;       |seg7:seg7_ones|              ; 7 (7)             ; 0 (0)        ; 0           ; 0            ; 0       ; 0         ; 0    ; 0            ; |AlarmClock|UnitDisplay:UnitDisplay_A|seg7:seg7_ones                      ;              ;
;       |seg7:seg7_tens|              ; 7 (7)             ; 0 (0)        ; 0           ; 0            ; 0       ; 0         ; 0    ; 0            ; |AlarmClock|UnitDisplay:UnitDisplay_A|seg7:seg7_tens                      ;              ;
;    |UnitDisplay:UnitDisplay_B|      ; 37 (0)            ; 14 (14)      ; 0           ; 0            ; 0       ; 0         ; 0    ; 0            ; |AlarmClock|UnitDisplay:UnitDisplay_B                                     ;              ;
;       |binary_to_BCD:binary_to_BCD| ; 23 (0)            ; 0 (0)        ; 0           ; 0            ; 0       ; 0         ; 0    ; 0            ; |AlarmClock|UnitDisplay:UnitDisplay_B|binary_to_BCD:binary_to_BCD         ;              ;
;          |add3:m1|                  ; 1 (1)             ; 0 (0)        ; 0           ; 0            ; 0       ; 0         ; 0    ; 0            ; |AlarmClock|UnitDisplay:UnitDisplay_B|binary_to_BCD:binary_to_BCD|add3:m1 ;              ;
;          |add3:m2|                  ; 4 (4)             ; 0 (0)        ; 0           ; 0            ; 0       ; 0         ; 0    ; 0            ; |AlarmClock|UnitDisplay:UnitDisplay_B|binary_to_BCD:binary_to_BCD|add3:m2 ;              ;
;          |add3:m3|                  ; 4 (4)             ; 0 (0)        ; 0           ; 0            ; 0       ; 0         ; 0    ; 0            ; |AlarmClock|UnitDisplay:UnitDisplay_B|binary_to_BCD:binary_to_BCD|add3:m3 ;              ;
;          |add3:m4|                  ; 4 (4)             ; 0 (0)        ; 0           ; 0            ; 0       ; 0         ; 0    ; 0            ; |AlarmClock|UnitDisplay:UnitDisplay_B|binary_to_BCD:binary_to_BCD|add3:m4 ;              ;
;          |add3:m5|                  ; 4 (4)             ; 0 (0)        ; 0           ; 0            ; 0       ; 0         ; 0    ; 0            ; |AlarmClock|UnitDisplay:UnitDisplay_B|binary_to_BCD:binary_to_BCD|add3:m5 ;              ;
;          |add3:m7|                  ; 6 (6)             ; 0 (0)        ; 0           ; 0            ; 0       ; 0         ; 0    ; 0            ; |AlarmClock|UnitDisplay:UnitDisplay_B|binary_to_BCD:binary_to_BCD|add3:m7 ;              ;
;       |seg7:seg7_ones|              ; 7 (7)             ; 0 (0)        ; 0           ; 0            ; 0       ; 0         ; 0    ; 0            ; |AlarmClock|UnitDisplay:UnitDisplay_B|seg7:seg7_ones                      ;              ;
;       |seg7:seg7_tens|              ; 7 (7)             ; 0 (0)        ; 0           ; 0            ; 0       ; 0         ; 0    ; 0            ; |AlarmClock|UnitDisplay:UnitDisplay_B|seg7:seg7_tens                      ;              ;
+-------------------------------------+-------------------+--------------+-------------+--------------+---------+-----------+------+--------------+---------------------------------------------------------------------------+--------------+
Note: For table entries with two numbers listed, the numbers in parentheses indicate the number of resources of the given type used by the specific entity alone. The numbers listed outside of parentheses indicate the total resources of the given type used by the specific entity and all of its sub-entities in the hierarchy.


+--------------------------------------------------------------------------------+
; Registers Removed During Synthesis                                             ;
+---------------------------------------+----------------------------------------+
; Register name                         ; Reason for Removal                     ;
+---------------------------------------+----------------------------------------+
; active_mode[0]                        ; Stuck at GND due to stuck port data_in ;
; current_blinking[0]                   ; Stuck at GND due to stuck port data_in ;
; Total Number of Removed Registers = 2 ;                                        ;
+---------------------------------------+----------------------------------------+


+------------------------------------------------------+
; General Register Statistics                          ;
+----------------------------------------------+-------+
; Statistic                                    ; Value ;
+----------------------------------------------+-------+
; Total registers                              ; 444   ;
; Number of registers using Synchronous Clear  ; 192   ;
; Number of registers using Synchronous Load   ; 121   ;
; Number of registers using Asynchronous Clear ; 0     ;
; Number of registers using Asynchronous Load  ; 0     ;
; Number of registers using Clock Enable       ; 235   ;
; Number of registers using Preset             ; 0     ;
+----------------------------------------------+-------+


+-----------------------------------------------------------------------------------------------------------------------------------------------------------------+
; Multiplexer Restructuring Statistics (Restructuring Performed)                                                                                                  ;
+--------------------+-----------+---------------+----------------------+------------------------+------------+---------------------------------------------------+
; Multiplexer Inputs ; Bus Width ; Baseline Area ; Area if Restructured ; Saving if Restructured ; Registered ; Example Multiplexer Output                        ;
+--------------------+-----------+---------------+----------------------+------------------------+------------+---------------------------------------------------+
; 3:1                ; 32 bits   ; 64 LEs        ; 32 LEs               ; 32 LEs                 ; Yes        ; |AlarmClock|Blinker:Blinker_DispA|clock_count[20] ;
; 3:1                ; 32 bits   ; 64 LEs        ; 32 LEs               ; 32 LEs                 ; Yes        ; |AlarmClock|Blinker:Blinker_DispB|clock_count[14] ;
; 4:1                ; 3 bits    ; 6 LEs         ; 3 LEs                ; 3 LEs                  ; Yes        ; |AlarmClock|active_mode[0]                        ;
; 4:1                ; 32 bits   ; 64 LEs        ; 32 LEs               ; 32 LEs                 ; Yes        ; |AlarmClock|clock_khz[0]                          ;
; 7:1                ; 2 bits    ; 8 LEs         ; 4 LEs                ; 4 LEs                  ; Yes        ; |AlarmClock|blinker_enable_DispA                  ;
; 5:1                ; 3 bits    ; 9 LEs         ; 3 LEs                ; 6 LEs                  ; Yes        ; |AlarmClock|current_blinking[2]                   ;
; 5:1                ; 32 bits   ; 96 LEs        ; 32 LEs               ; 64 LEs                 ; Yes        ; |AlarmClock|milisec[4]                            ;
; 5:1                ; 32 bits   ; 96 LEs        ; 32 LEs               ; 64 LEs                 ; Yes        ; |AlarmClock|Blinker:Blinker_DispA|blink_count[11] ;
; 5:1                ; 32 bits   ; 96 LEs        ; 32 LEs               ; 64 LEs                 ; Yes        ; |AlarmClock|Blinker:Blinker_DispB|blink_count[27] ;
; 6:1                ; 32 bits   ; 128 LEs       ; 64 LEs               ; 64 LEs                 ; Yes        ; |AlarmClock|alarm_hours[20]                       ;
; 6:1                ; 32 bits   ; 128 LEs       ; 64 LEs               ; 64 LEs                 ; Yes        ; |AlarmClock|alarm_seconds[0]                      ;
; 10:1               ; 32 bits   ; 192 LEs       ; 96 LEs               ; 96 LEs                 ; Yes        ; |AlarmClock|seconds[25]                           ;
; 12:1               ; 32 bits   ; 256 LEs       ; 96 LEs               ; 160 LEs                ; Yes        ; |AlarmClock|hour[17]                              ;
; 14:1               ; 16 bits   ; 144 LEs       ; 32 LEs               ; 112 LEs                ; Yes        ; |AlarmClock|val_dispa[2]                          ;
; 13:1               ; 32 bits   ; 256 LEs       ; 96 LEs               ; 160 LEs                ; Yes        ; |AlarmClock|minutes[22]                           ;
; 6:1                ; 32 bits   ; 128 LEs       ; 64 LEs               ; 64 LEs                 ; Yes        ; |AlarmClock|alarm_minutes[16]                     ;
+--------------------+-----------+---------------+----------------------+------------------------+------------+---------------------------------------------------+


+----------------------------------------------------------------------------+
; Parameter Settings for User Entity Instance: Top-level Entity: |AlarmClock ;
+-----------------+-------+--------------------------------------------------+
; Parameter Name  ; Value ; Type                                             ;
+-----------------+-------+--------------------------------------------------+
; CLOCK_FREQ_1KHZ ; 50000 ; Signed Integer                                   ;
+-----------------+-------+--------------------------------------------------+
Note: In order to hide this table in the UI and the text report file, please set the "Show Parameter Settings in Synthesis Report" option in "Analysis and Synthesis Settings -> More Settings" to "Off".


+--------------------------------------------------------------------+
; Parameter Settings for User Entity Instance: Blinker:Blinker_DispA ;
+-----------------+-------+------------------------------------------+
; Parameter Name  ; Value ; Type                                     ;
+-----------------+-------+------------------------------------------+
; CLOCK_FREQ_1KHZ ; 50000 ; Signed Integer                           ;
+-----------------+-------+------------------------------------------+
Note: In order to hide this table in the UI and the text report file, please set the "Show Parameter Settings in Synthesis Report" option in "Analysis and Synthesis Settings -> More Settings" to "Off".


+--------------------------------------------------------------------+
; Parameter Settings for User Entity Instance: Blinker:Blinker_DispB ;
+-----------------+-------+------------------------------------------+
; Parameter Name  ; Value ; Type                                     ;
+-----------------+-------+------------------------------------------+
; CLOCK_FREQ_1KHZ ; 50000 ; Signed Integer                           ;
+-----------------+-------+------------------------------------------+
Note: In order to hide this table in the UI and the text report file, please set the "Show Parameter Settings in Synthesis Report" option in "Analysis and Synthesis Settings -> More Settings" to "Off".


+-------------------------------------------------------------------------------------------+
; Port Connectivity Checks: "UnitDisplay:UnitDisplay_A|binary_to_BCD:binary_to_BCD|add3:m6" ;
+-------+-------+----------+----------------------------------------------------------------+
; Port  ; Type  ; Severity ; Details                                                        ;
+-------+-------+----------+----------------------------------------------------------------+
; in[3] ; Input ; Info     ; Stuck at GND                                                   ;
+-------+-------+----------+----------------------------------------------------------------+


+-------------------------------------------------------------------------------------------+
; Port Connectivity Checks: "UnitDisplay:UnitDisplay_A|binary_to_BCD:binary_to_BCD|add3:m1" ;
+-------+-------+----------+----------------------------------------------------------------+
; Port  ; Type  ; Severity ; Details                                                        ;
+-------+-------+----------+----------------------------------------------------------------+
; in[3] ; Input ; Info     ; Stuck at GND                                                   ;
+-------+-------+----------+----------------------------------------------------------------+


+------------------------------------------------------------------------------------------------------------------------------------------------------------------------------------------------------------+
; Port Connectivity Checks: "UnitDisplay:UnitDisplay_A|binary_to_BCD:binary_to_BCD"                                                                                                                          ;
+----------------+--------+----------+-----------------------------------------------------------------------------------------------------------------------------------------------------------------------+
; Port           ; Type   ; Severity ; Details                                                                                                                                                               ;
+----------------+--------+----------+-----------------------------------------------------------------------------------------------------------------------------------------------------------------------+
; HUNDREDS       ; Output ; Warning  ; Output or bidir port (2 bits) is smaller than the port expression (4 bits) it drives.  The 2 most-significant bit(s) in the port expression will be connected to GND. ;
; HUNDREDS[1..0] ; Output ; Info     ; Connected to dangling logic. Logic that only feeds a dangling port will be removed.                                                                                   ;
+----------------+--------+----------+-----------------------------------------------------------------------------------------------------------------------------------------------------------------------+


+-------------------------------+
; Elapsed Time Per Partition    ;
+----------------+--------------+
; Partition Name ; Elapsed Time ;
+----------------+--------------+
; Top            ; 00:00:10     ;
+----------------+--------------+


+-------------------------------+
; Analysis & Synthesis Messages ;
+-------------------------------+
Info: *******************************************************************
Info: Running Quartus II 64-Bit Analysis & Synthesis
    Info: Version 12.1 Build 177 11/07/2012 SJ Web Edition
    Info: Processing started: Thu Mar 21 14:16:38 2013
Info: Command: quartus_map --read_settings_files=on --write_settings_files=off AlarmClock -c AlarmClock
Info (11104): Parallel Compilation has detected 4 hyper-threaded processors. However, the extra hyper-threaded processors will not be used by default. Parallel Compilation will use 2 of the 2 physical processors detected instead.
Info (12021): Found 1 design units, including 1 entities, in source file seg7.v
    Info (12023): Found entity 1: seg7
Info (12021): Found 1 design units, including 1 entities, in source file binary_to_bcd.v
    Info (12023): Found entity 1: binary_to_BCD
Info (12021): Found 1 design units, including 1 entities, in source file add3.v
    Info (12023): Found entity 1: add3
Info (12021): Found 1 design units, including 1 entities, in source file alarmclock.v
    Info (12023): Found entity 1: AlarmClock
Info (12021): Found 1 design units, including 1 entities, in source file unitdisplay.v
    Info (12023): Found entity 1: UnitDisplay
Info (12021): Found 1 design units, including 1 entities, in source file blinker.v
    Info (12023): Found entity 1: Blinker
Info (12127): Elaborating entity "AlarmClock" for the top level hierarchy
Warning (10230): Verilog HDL assignment warning at AlarmClock.v(159): truncated value with size 32 to match size of target (3)
Warning (10230): Verilog HDL assignment warning at AlarmClock.v(269): truncated value with size 32 to match size of target (3)
Warning (10230): Verilog HDL assignment warning at AlarmClock.v(286): truncated value with size 32 to match size of target (8)
Warning (10230): Verilog HDL assignment warning at AlarmClock.v(287): truncated value with size 32 to match size of target (8)
Warning (10230): Verilog HDL assignment warning at AlarmClock.v(289): truncated value with size 32 to match size of target (8)
Warning (10230): Verilog HDL assignment warning at AlarmClock.v(290): truncated value with size 32 to match size of target (8)
Warning (10230): Verilog HDL assignment warning at AlarmClock.v(296): truncated value with size 32 to match size of target (8)
Warning (10230): Verilog HDL assignment warning at AlarmClock.v(297): truncated value with size 32 to match size of target (8)
Warning (10230): Verilog HDL assignment warning at AlarmClock.v(301): truncated value with size 32 to match size of target (8)
Warning (10230): Verilog HDL assignment warning at AlarmClock.v(302): truncated value with size 32 to match size of target (8)
Warning (10230): Verilog HDL assignment warning at AlarmClock.v(306): truncated value with size 32 to match size of target (8)
Warning (10230): Verilog HDL assignment warning at AlarmClock.v(307): truncated value with size 32 to match size of target (8)
Warning (10230): Verilog HDL assignment warning at AlarmClock.v(311): truncated value with size 32 to match size of target (8)
Warning (10230): Verilog HDL assignment warning at AlarmClock.v(312): truncated value with size 32 to match size of target (8)
Warning (10230): Verilog HDL assignment warning at AlarmClock.v(322): truncated value with size 32 to match size of target (8)
Warning (10230): Verilog HDL assignment warning at AlarmClock.v(323): truncated value with size 32 to match size of target (8)
Warning (10230): Verilog HDL assignment warning at AlarmClock.v(325): truncated value with size 32 to match size of target (8)
Warning (10230): Verilog HDL assignment warning at AlarmClock.v(326): truncated value with size 32 to match size of target (8)
Warning (10230): Verilog HDL assignment warning at AlarmClock.v(332): truncated value with size 32 to match size of target (8)
Warning (10230): Verilog HDL assignment warning at AlarmClock.v(333): truncated value with size 32 to match size of target (8)
Warning (10230): Verilog HDL assignment warning at AlarmClock.v(337): truncated value with size 32 to match size of target (8)
Warning (10230): Verilog HDL assignment warning at AlarmClock.v(338): truncated value with size 32 to match size of target (8)
Warning (10230): Verilog HDL assignment warning at AlarmClock.v(342): truncated value with size 32 to match size of target (8)
Warning (10230): Verilog HDL assignment warning at AlarmClock.v(343): truncated value with size 32 to match size of target (8)
Warning (10230): Verilog HDL assignment warning at AlarmClock.v(347): truncated value with size 32 to match size of target (8)
Warning (10230): Verilog HDL assignment warning at AlarmClock.v(348): truncated value with size 32 to match size of target (8)
Info (12128): Elaborating entity "UnitDisplay" for hierarchy "UnitDisplay:UnitDisplay_A"
Info (12128): Elaborating entity "binary_to_BCD" for hierarchy "UnitDisplay:UnitDisplay_A|binary_to_BCD:binary_to_BCD"
Info (12128): Elaborating entity "add3" for hierarchy "UnitDisplay:UnitDisplay_A|binary_to_BCD:binary_to_BCD|add3:m1"
Info (12128): Elaborating entity "seg7" for hierarchy "UnitDisplay:UnitDisplay_A|seg7:seg7_ones"
Info (12128): Elaborating entity "Blinker" for hierarchy "Blinker:Blinker_DispA"
Warning (12030): Port "ordered port 3" on the entity instantiation of "binary_to_BCD" is connected to a signal of width 4. The formal width of the signal in the module is 2.  The extra bits will be left dangling without any fan-out logic.
Warning (12241): 1 hierarchies have connectivity warnings - see the Connectivity Checks report folder
Info (144001): Generated suppressed messages file C:/Users/Bangonkali/Downloads/ALARMCLOCK/ALARMCLOCK/output_files/AlarmClock.map.smsg
Info (16010): Generating hard_block partition "hard_block:auto_generated_inst"
    Info (16011): Adding 0 node(s), including 0 DDIO, 0 PLL, 0 transceiver and 0 LCELL
Info (21057): Implemented 1213 device resources after synthesis - the final resource count might be different
    Info (21058): Implemented 7 input pins
    Info (21059): Implemented 31 output pins
    Info (21061): Implemented 1175 logic cells
Info: Quartus II 64-Bit Analysis & Synthesis was successful. 0 errors, 28 warnings
    Info: Peak virtual memory: 460 megabytes
    Info: Processing ended: Thu Mar 21 14:17:23 2013
    Info: Elapsed time: 00:00:45
    Info: Total CPU time (on all processors): 00:00:43


+------------------------------------------+
; Analysis & Synthesis Suppressed Messages ;
+------------------------------------------+
The suppressed messages can be found in C:/Users/Bangonkali/Downloads/ALARMCLOCK/ALARMCLOCK/output_files/AlarmClock.map.smsg.


